This is pdfTeX, Version 3.141592653-2.6-1.40.22 (MiKTeX 21.2) (preloaded format=pdflatex 2021.3.6)  21 JUN 2021 11:40
entering extended mode
**./analisi_dati_urti.tex
(analisi_dati_urti.tex
LaTeX2e <2020-10-01> patch level 4
L3 programming layer <2021-02-18> xparse <2020-03-03>
(C:\Users\giuly\AppData\Local\Programs\MiKTeX\tex/latex/base\article.cls
Document Class: article 2020/04/10 v1.4m Standard LaTeX document class
(C:\Users\giuly\AppData\Local\Programs\MiKTeX\tex/latex/base\size10.clo
File: size10.clo 2020/04/10 v1.4m Standard LaTeX file (size option)
)
\c@part=\count179
\c@section=\count180
\c@subsection=\count181
\c@subsubsection=\count182
\c@paragraph=\count183
\c@subparagraph=\count184
\c@figure=\count185
\c@table=\count186
\abovecaptionskip=\skip47
\belowcaptionskip=\skip48
\bibindent=\dimen138
)
(C:\Users\giuly\AppData\Local\Programs\MiKTeX\tex/latex/base\inputenc.sty
Package: inputenc 2020/08/01 v1.3d Input encoding file
\inpenc@prehook=\toks15
\inpenc@posthook=\toks16
)
(C:\Users\giuly\AppData\Local\Programs\MiKTeX\tex/latex/latex-tools\tabularx.st
y
Package: tabularx 2020/01/15 v2.11c `tabularx' package (DPC)
 (C:\Users\giuly\AppData\Local\Programs\MiKTeX\tex/latex/latex-tools\array.sty
Package: array 2020/10/01 v2.5c Tabular extension package (FMi)
\col@sep=\dimen139
\ar@mcellbox=\box47
\extrarowheight=\dimen140
\NC@list=\toks17
\extratabsurround=\skip49
\backup@length=\skip50
\ar@cellbox=\box48
)
\TX@col@width=\dimen141
\TX@old@table=\dimen142
\TX@old@col=\dimen143
\TX@target=\dimen144
\TX@delta=\dimen145
\TX@cols=\count187
\TX@ftn=\toks18
) (C:\Users\giuly\AppData\Local\Programs\MiKTeX\tex/latex/natbib\natbib.sty
Package: natbib 2010/09/13 8.31b (PWD, AO)
\bibhang=\skip51
\bibsep=\skip52
LaTeX Info: Redefining \cite on input line 694.
\c@NAT@ctr=\count188
)
(C:\Users\giuly\AppData\Local\Programs\MiKTeX\tex/latex/graphics\graphicx.sty
Package: graphicx 2020/09/09 v1.2b Enhanced LaTeX Graphics (DPC,SPQR)

(C:\Users\giuly\AppData\Local\Programs\MiKTeX\tex/latex/graphics\keyval.sty
Package: keyval 2014/10/28 v1.15 key=value parser (DPC)
\KV@toks@=\toks19
)
(C:\Users\giuly\AppData\Local\Programs\MiKTeX\tex/latex/graphics\graphics.sty
Package: graphics 2020/08/30 v1.4c Standard LaTeX Graphics (DPC,SPQR)

(C:\Users\giuly\AppData\Local\Programs\MiKTeX\tex/latex/graphics\trig.sty
Package: trig 2016/01/03 v1.10 sin cos tan (DPC)
)
(C:\Users\giuly\AppData\Local\Programs\MiKTeX\tex/latex/graphics-cfg\graphics.c
fg
File: graphics.cfg 2016/06/04 v1.11 sample graphics configuration
)
Package graphics Info: Driver file: pdftex.def on input line 105.

(C:\Users\giuly\AppData\Local\Programs\MiKTeX\tex/latex/graphics-def\pdftex.def
File: pdftex.def 2020/10/05 v1.2a Graphics/color driver for pdftex
))
\Gin@req@height=\dimen146
\Gin@req@width=\dimen147
)
(C:\Users\giuly\AppData\Local\Programs\MiKTeX\tex/latex/pgf/frontendlayer\tikz.
sty
(C:\Users\giuly\AppData\Local\Programs\MiKTeX\tex/latex/pgf/basiclayer\pgf.sty
(C:\Users\giuly\AppData\Local\Programs\MiKTeX\tex/latex/pgf/utilities\pgfrcs.st
y
(C:\Users\giuly\AppData\Local\Programs\MiKTeX\tex/generic/pgf/utilities\pgfutil
-common.tex
\pgfutil@everybye=\toks20
\pgfutil@tempdima=\dimen148
\pgfutil@tempdimb=\dimen149

(C:\Users\giuly\AppData\Local\Programs\MiKTeX\tex/generic/pgf/utilities\pgfutil
-common-lists.tex))
(C:\Users\giuly\AppData\Local\Programs\MiKTeX\tex/generic/pgf/utilities\pgfutil
-latex.def
\pgfutil@abb=\box49
)
(C:\Users\giuly\AppData\Local\Programs\MiKTeX\tex/generic/pgf/utilities\pgfrcs.
code.tex
(C:\Users\giuly\AppData\Local\Programs\MiKTeX\tex/generic/pgf\pgf.revision.tex)
Package: pgfrcs 2020/12/27 v3.1.8b (3.1.8b)
))
Package: pgf 2020/12/27 v3.1.8b (3.1.8b)

(C:\Users\giuly\AppData\Local\Programs\MiKTeX\tex/latex/pgf/basiclayer\pgfcore.
sty
(C:\Users\giuly\AppData\Local\Programs\MiKTeX\tex/latex/pgf/systemlayer\pgfsys.
sty
(C:\Users\giuly\AppData\Local\Programs\MiKTeX\tex/generic/pgf/systemlayer\pgfsy
s.code.tex
Package: pgfsys 2020/12/27 v3.1.8b (3.1.8b)

(C:\Users\giuly\AppData\Local\Programs\MiKTeX\tex/generic/pgf/utilities\pgfkeys
.code.tex
\pgfkeys@pathtoks=\toks21
\pgfkeys@temptoks=\toks22

(C:\Users\giuly\AppData\Local\Programs\MiKTeX\tex/generic/pgf/utilities\pgfkeys
filtered.code.tex
\pgfkeys@tmptoks=\toks23
))
\pgf@x=\dimen150
\pgf@y=\dimen151
\pgf@xa=\dimen152
\pgf@ya=\dimen153
\pgf@xb=\dimen154
\pgf@yb=\dimen155
\pgf@xc=\dimen156
\pgf@yc=\dimen157
\pgf@xd=\dimen158
\pgf@yd=\dimen159
\w@pgf@writea=\write3
\r@pgf@reada=\read2
\c@pgf@counta=\count189
\c@pgf@countb=\count190
\c@pgf@countc=\count191
\c@pgf@countd=\count192
\t@pgf@toka=\toks24
\t@pgf@tokb=\toks25
\t@pgf@tokc=\toks26
\pgf@sys@id@count=\count193

(C:\Users\giuly\AppData\Local\Programs\MiKTeX\tex/generic/pgf/systemlayer\pgf.c
fg
File: pgf.cfg 2020/12/27 v3.1.8b (3.1.8b)
)
Driver file for pgf: pgfsys-pdftex.def

(C:\Users\giuly\AppData\Local\Programs\MiKTeX\tex/generic/pgf/systemlayer\pgfsy
s-pdftex.def
File: pgfsys-pdftex.def 2020/12/27 v3.1.8b (3.1.8b)

(C:\Users\giuly\AppData\Local\Programs\MiKTeX\tex/generic/pgf/systemlayer\pgfsy
s-common-pdf.def
File: pgfsys-common-pdf.def 2020/12/27 v3.1.8b (3.1.8b)
)))
(C:\Users\giuly\AppData\Local\Programs\MiKTeX\tex/generic/pgf/systemlayer\pgfsy
ssoftpath.code.tex
File: pgfsyssoftpath.code.tex 2020/12/27 v3.1.8b (3.1.8b)
\pgfsyssoftpath@smallbuffer@items=\count194
\pgfsyssoftpath@bigbuffer@items=\count195
)
(C:\Users\giuly\AppData\Local\Programs\MiKTeX\tex/generic/pgf/systemlayer\pgfsy
sprotocol.code.tex
File: pgfsysprotocol.code.tex 2020/12/27 v3.1.8b (3.1.8b)
))
(C:\Users\giuly\AppData\Local\Programs\MiKTeX\tex/latex/xcolor\xcolor.sty
Package: xcolor 2016/05/11 v2.12 LaTeX color extensions (UK)

(C:\Users\giuly\AppData\Local\Programs\MiKTeX\tex/latex/graphics-cfg\color.cfg
File: color.cfg 2016/01/02 v1.6 sample color configuration
)
Package xcolor Info: Driver file: pdftex.def on input line 225.
Package xcolor Info: Model `cmy' substituted by `cmy0' on input line 1348.
Package xcolor Info: Model `hsb' substituted by `rgb' on input line 1352.
Package xcolor Info: Model `RGB' extended on input line 1364.
Package xcolor Info: Model `HTML' substituted by `rgb' on input line 1366.
Package xcolor Info: Model `Hsb' substituted by `hsb' on input line 1367.
Package xcolor Info: Model `tHsb' substituted by `hsb' on input line 1368.
Package xcolor Info: Model `HSB' substituted by `hsb' on input line 1369.
Package xcolor Info: Model `Gray' substituted by `gray' on input line 1370.
Package xcolor Info: Model `wave' substituted by `hsb' on input line 1371.
)
(C:\Users\giuly\AppData\Local\Programs\MiKTeX\tex/generic/pgf/basiclayer\pgfcor
e.code.tex
Package: pgfcore 2020/12/27 v3.1.8b (3.1.8b)

(C:\Users\giuly\AppData\Local\Programs\MiKTeX\tex/generic/pgf/math\pgfmath.code
.tex
(C:\Users\giuly\AppData\Local\Programs\MiKTeX\tex/generic/pgf/math\pgfmathcalc.
code.tex
(C:\Users\giuly\AppData\Local\Programs\MiKTeX\tex/generic/pgf/math\pgfmathutil.
code.tex)
(C:\Users\giuly\AppData\Local\Programs\MiKTeX\tex/generic/pgf/math\pgfmathparse
r.code.tex
\pgfmath@dimen=\dimen160
\pgfmath@count=\count196
\pgfmath@box=\box50
\pgfmath@toks=\toks27
\pgfmath@stack@operand=\toks28
\pgfmath@stack@operation=\toks29
)
(C:\Users\giuly\AppData\Local\Programs\MiKTeX\tex/generic/pgf/math\pgfmathfunct
ions.code.tex
(C:\Users\giuly\AppData\Local\Programs\MiKTeX\tex/generic/pgf/math\pgfmathfunct
ions.basic.code.tex)
(C:\Users\giuly\AppData\Local\Programs\MiKTeX\tex/generic/pgf/math\pgfmathfunct
ions.trigonometric.code.tex)
(C:\Users\giuly\AppData\Local\Programs\MiKTeX\tex/generic/pgf/math\pgfmathfunct
ions.random.code.tex)
(C:\Users\giuly\AppData\Local\Programs\MiKTeX\tex/generic/pgf/math\pgfmathfunct
ions.comparison.code.tex)
(C:\Users\giuly\AppData\Local\Programs\MiKTeX\tex/generic/pgf/math\pgfmathfunct
ions.base.code.tex)
(C:\Users\giuly\AppData\Local\Programs\MiKTeX\tex/generic/pgf/math\pgfmathfunct
ions.round.code.tex)
(C:\Users\giuly\AppData\Local\Programs\MiKTeX\tex/generic/pgf/math\pgfmathfunct
ions.misc.code.tex)
(C:\Users\giuly\AppData\Local\Programs\MiKTeX\tex/generic/pgf/math\pgfmathfunct
ions.integerarithmetics.code.tex)))
(C:\Users\giuly\AppData\Local\Programs\MiKTeX\tex/generic/pgf/math\pgfmathfloat
.code.tex
\c@pgfmathroundto@lastzeros=\count197
))
(C:\Users\giuly\AppData\Local\Programs\MiKTeX\tex/generic/pgf/math\pgfint.code.
tex)
(C:\Users\giuly\AppData\Local\Programs\MiKTeX\tex/generic/pgf/basiclayer\pgfcor
epoints.code.tex
File: pgfcorepoints.code.tex 2020/12/27 v3.1.8b (3.1.8b)
\pgf@picminx=\dimen161
\pgf@picmaxx=\dimen162
\pgf@picminy=\dimen163
\pgf@picmaxy=\dimen164
\pgf@pathminx=\dimen165
\pgf@pathmaxx=\dimen166
\pgf@pathminy=\dimen167
\pgf@pathmaxy=\dimen168
\pgf@xx=\dimen169
\pgf@xy=\dimen170
\pgf@yx=\dimen171
\pgf@yy=\dimen172
\pgf@zx=\dimen173
\pgf@zy=\dimen174
)
(C:\Users\giuly\AppData\Local\Programs\MiKTeX\tex/generic/pgf/basiclayer\pgfcor
epathconstruct.code.tex
File: pgfcorepathconstruct.code.tex 2020/12/27 v3.1.8b (3.1.8b)
\pgf@path@lastx=\dimen175
\pgf@path@lasty=\dimen176
)
(C:\Users\giuly\AppData\Local\Programs\MiKTeX\tex/generic/pgf/basiclayer\pgfcor
epathusage.code.tex
File: pgfcorepathusage.code.tex 2020/12/27 v3.1.8b (3.1.8b)
\pgf@shorten@end@additional=\dimen177
\pgf@shorten@start@additional=\dimen178
)
(C:\Users\giuly\AppData\Local\Programs\MiKTeX\tex/generic/pgf/basiclayer\pgfcor
escopes.code.tex
File: pgfcorescopes.code.tex 2020/12/27 v3.1.8b (3.1.8b)
\pgfpic=\box51
\pgf@hbox=\box52
\pgf@layerbox@main=\box53
\pgf@picture@serial@count=\count198
)
(C:\Users\giuly\AppData\Local\Programs\MiKTeX\tex/generic/pgf/basiclayer\pgfcor
egraphicstate.code.tex
File: pgfcoregraphicstate.code.tex 2020/12/27 v3.1.8b (3.1.8b)
\pgflinewidth=\dimen179
)
(C:\Users\giuly\AppData\Local\Programs\MiKTeX\tex/generic/pgf/basiclayer\pgfcor
etransformations.code.tex
File: pgfcoretransformations.code.tex 2020/12/27 v3.1.8b (3.1.8b)
\pgf@pt@x=\dimen180
\pgf@pt@y=\dimen181
\pgf@pt@temp=\dimen182
)
(C:\Users\giuly\AppData\Local\Programs\MiKTeX\tex/generic/pgf/basiclayer\pgfcor
equick.code.tex
File: pgfcorequick.code.tex 2020/12/27 v3.1.8b (3.1.8b)
)
(C:\Users\giuly\AppData\Local\Programs\MiKTeX\tex/generic/pgf/basiclayer\pgfcor
eobjects.code.tex
File: pgfcoreobjects.code.tex 2020/12/27 v3.1.8b (3.1.8b)
)
(C:\Users\giuly\AppData\Local\Programs\MiKTeX\tex/generic/pgf/basiclayer\pgfcor
epathprocessing.code.tex
File: pgfcorepathprocessing.code.tex 2020/12/27 v3.1.8b (3.1.8b)
)
(C:\Users\giuly\AppData\Local\Programs\MiKTeX\tex/generic/pgf/basiclayer\pgfcor
earrows.code.tex
File: pgfcorearrows.code.tex 2020/12/27 v3.1.8b (3.1.8b)
\pgfarrowsep=\dimen183
)
(C:\Users\giuly\AppData\Local\Programs\MiKTeX\tex/generic/pgf/basiclayer\pgfcor
eshade.code.tex
File: pgfcoreshade.code.tex 2020/12/27 v3.1.8b (3.1.8b)
\pgf@max=\dimen184
\pgf@sys@shading@range@num=\count199
\pgf@shadingcount=\count266
)
(C:\Users\giuly\AppData\Local\Programs\MiKTeX\tex/generic/pgf/basiclayer\pgfcor
eimage.code.tex
File: pgfcoreimage.code.tex 2020/12/27 v3.1.8b (3.1.8b)

(C:\Users\giuly\AppData\Local\Programs\MiKTeX\tex/generic/pgf/basiclayer\pgfcor
eexternal.code.tex
File: pgfcoreexternal.code.tex 2020/12/27 v3.1.8b (3.1.8b)
\pgfexternal@startupbox=\box54
))
(C:\Users\giuly\AppData\Local\Programs\MiKTeX\tex/generic/pgf/basiclayer\pgfcor
elayers.code.tex
File: pgfcorelayers.code.tex 2020/12/27 v3.1.8b (3.1.8b)
)
(C:\Users\giuly\AppData\Local\Programs\MiKTeX\tex/generic/pgf/basiclayer\pgfcor
etransparency.code.tex
File: pgfcoretransparency.code.tex 2020/12/27 v3.1.8b (3.1.8b)
)
(C:\Users\giuly\AppData\Local\Programs\MiKTeX\tex/generic/pgf/basiclayer\pgfcor
epatterns.code.tex
File: pgfcorepatterns.code.tex 2020/12/27 v3.1.8b (3.1.8b)
)
(C:\Users\giuly\AppData\Local\Programs\MiKTeX\tex/generic/pgf/basiclayer\pgfcor
erdf.code.tex
File: pgfcorerdf.code.tex 2020/12/27 v3.1.8b (3.1.8b)
)))
(C:\Users\giuly\AppData\Local\Programs\MiKTeX\tex/generic/pgf/modules\pgfmodule
shapes.code.tex
File: pgfmoduleshapes.code.tex 2020/12/27 v3.1.8b (3.1.8b)
\pgfnodeparttextbox=\box55
)
(C:\Users\giuly\AppData\Local\Programs\MiKTeX\tex/generic/pgf/modules\pgfmodule
plot.code.tex
File: pgfmoduleplot.code.tex 2020/12/27 v3.1.8b (3.1.8b)
)
(C:\Users\giuly\AppData\Local\Programs\MiKTeX\tex/latex/pgf/compatibility\pgfco
mp-version-0-65.sty
Package: pgfcomp-version-0-65 2020/12/27 v3.1.8b (3.1.8b)
\pgf@nodesepstart=\dimen185
\pgf@nodesepend=\dimen186
)
(C:\Users\giuly\AppData\Local\Programs\MiKTeX\tex/latex/pgf/compatibility\pgfco
mp-version-1-18.sty
Package: pgfcomp-version-1-18 2020/12/27 v3.1.8b (3.1.8b)
))
(C:\Users\giuly\AppData\Local\Programs\MiKTeX\tex/latex/pgf/utilities\pgffor.st
y
(C:\Users\giuly\AppData\Local\Programs\MiKTeX\tex/latex/pgf/utilities\pgfkeys.s
ty
(C:\Users\giuly\AppData\Local\Programs\MiKTeX\tex/generic/pgf/utilities\pgfkeys
.code.tex))
(C:\Users\giuly\AppData\Local\Programs\MiKTeX\tex/latex/pgf/math\pgfmath.sty
(C:\Users\giuly\AppData\Local\Programs\MiKTeX\tex/generic/pgf/math\pgfmath.code
.tex))
(C:\Users\giuly\AppData\Local\Programs\MiKTeX\tex/generic/pgf/utilities\pgffor.
code.tex
Package: pgffor 2020/12/27 v3.1.8b (3.1.8b)

(C:\Users\giuly\AppData\Local\Programs\MiKTeX\tex/generic/pgf/math\pgfmath.code
.tex)
\pgffor@iter=\dimen187
\pgffor@skip=\dimen188
\pgffor@stack=\toks30
\pgffor@toks=\toks31
))
(C:\Users\giuly\AppData\Local\Programs\MiKTeX\tex/generic/pgf/frontendlayer/tik
z\tikz.code.tex
Package: tikz 2020/12/27 v3.1.8b (3.1.8b)

(C:\Users\giuly\AppData\Local\Programs\MiKTeX\tex/generic/pgf/libraries\pgflibr
aryplothandlers.code.tex
File: pgflibraryplothandlers.code.tex 2020/12/27 v3.1.8b (3.1.8b)
\pgf@plot@mark@count=\count267
\pgfplotmarksize=\dimen189
)
\tikz@lastx=\dimen190
\tikz@lasty=\dimen191
\tikz@lastxsaved=\dimen192
\tikz@lastysaved=\dimen193
\tikz@lastmovetox=\dimen194
\tikz@lastmovetoy=\dimen195
\tikzleveldistance=\dimen196
\tikzsiblingdistance=\dimen197
\tikz@figbox=\box56
\tikz@figbox@bg=\box57
\tikz@tempbox=\box58
\tikz@tempbox@bg=\box59
\tikztreelevel=\count268
\tikznumberofchildren=\count269
\tikznumberofcurrentchild=\count270
\tikz@fig@count=\count271

(C:\Users\giuly\AppData\Local\Programs\MiKTeX\tex/generic/pgf/modules\pgfmodule
matrix.code.tex
File: pgfmodulematrix.code.tex 2020/12/27 v3.1.8b (3.1.8b)
\pgfmatrixcurrentrow=\count272
\pgfmatrixcurrentcolumn=\count273
\pgf@matrix@numberofcolumns=\count274
)
\tikz@expandcount=\count275

(C:\Users\giuly\AppData\Local\Programs\MiKTeX\tex/generic/pgf/frontendlayer/tik
z/libraries\tikzlibrarytopaths.code.tex
File: tikzlibrarytopaths.code.tex 2020/12/27 v3.1.8b (3.1.8b)
)))
(C:\Users\giuly\AppData\Local\Programs\MiKTeX\tex/latex/caption\caption.sty
Package: caption 2020/10/26 v3.5g Customizing captions (AR)

(C:\Users\giuly\AppData\Local\Programs\MiKTeX\tex/latex/caption\caption3.sty
Package: caption3 2020/10/21 v2.2e caption3 kernel (AR)
\captionmargin=\dimen198
\captionmargin@=\dimen199
\captionwidth=\dimen256
\caption@tempdima=\dimen257
\caption@indent=\dimen258
\caption@parindent=\dimen259
\caption@hangindent=\dimen260
Package caption Info: Standard document class detected.
)
\c@caption@flags=\count276
\c@continuedfloat=\count277
)
(C:\Users\giuly\AppData\Local\Programs\MiKTeX\tex/latex/caption\subcaption.sty
Package: subcaption 2020/10/07 v1.3j Sub-captions (AR)
\c@subfigure=\count278
\c@subtable=\count279
) (C:\Users\giuly\AppData\Local\Programs\MiKTeX\tex/latex/amsmath\amsmath.sty
Package: amsmath 2020/09/23 v2.17i AMS math features
\@mathmargin=\skip53

For additional information on amsmath, use the `?' option.
(C:\Users\giuly\AppData\Local\Programs\MiKTeX\tex/latex/amsmath\amstext.sty
Package: amstext 2000/06/29 v2.01 AMS text

(C:\Users\giuly\AppData\Local\Programs\MiKTeX\tex/latex/amsmath\amsgen.sty
File: amsgen.sty 1999/11/30 v2.0 generic functions
\@emptytoks=\toks32
\ex@=\dimen261
))
(C:\Users\giuly\AppData\Local\Programs\MiKTeX\tex/latex/amsmath\amsbsy.sty
Package: amsbsy 1999/11/29 v1.2d Bold Symbols
\pmbraise@=\dimen262
)
(C:\Users\giuly\AppData\Local\Programs\MiKTeX\tex/latex/amsmath\amsopn.sty
Package: amsopn 2016/03/08 v2.02 operator names
)
\inf@bad=\count280
LaTeX Info: Redefining \frac on input line 234.
\uproot@=\count281
\leftroot@=\count282
LaTeX Info: Redefining \overline on input line 399.
\classnum@=\count283
\DOTSCASE@=\count284
LaTeX Info: Redefining \ldots on input line 496.
LaTeX Info: Redefining \dots on input line 499.
LaTeX Info: Redefining \cdots on input line 620.
\Mathstrutbox@=\box60
\strutbox@=\box61
\big@size=\dimen263
LaTeX Font Info:    Redeclaring font encoding OML on input line 743.
LaTeX Font Info:    Redeclaring font encoding OMS on input line 744.
\macc@depth=\count285
\c@MaxMatrixCols=\count286
\dotsspace@=\muskip16
\c@parentequation=\count287
\dspbrk@lvl=\count288
\tag@help=\toks33
\row@=\count289
\column@=\count290
\maxfields@=\count291
\andhelp@=\toks34
\eqnshift@=\dimen264
\alignsep@=\dimen265
\tagshift@=\dimen266
\tagwidth@=\dimen267
\totwidth@=\dimen268
\lineht@=\dimen269
\@envbody=\toks35
\multlinegap=\skip54
\multlinetaggap=\skip55
\mathdisplay@stack=\toks36
LaTeX Info: Redefining \[ on input line 2923.
LaTeX Info: Redefining \] on input line 2924.
)
(C:\Users\giuly\AppData\Local\Programs\MiKTeX\tex/latex/amscls\amsthm.sty
Package: amsthm 2020/05/29 v2.20.6
\thm@style=\toks37
\thm@bodyfont=\toks38
\thm@headfont=\toks39
\thm@notefont=\toks40
\thm@headpunct=\toks41
\thm@preskip=\skip56
\thm@postskip=\skip57
\thm@headsep=\skip58
\dth@everypar=\toks42
)
(C:\Users\giuly\AppData\Local\Programs\MiKTeX\tex/latex/jknappen\mathrsfs.sty
Package: mathrsfs 1996/01/01 Math RSFS package v1.0 (jk)
\symrsfs=\mathgroup4
)
(C:\Users\giuly\AppData\Local\Programs\MiKTeX\tex/latex/pgfplots\pgfplots.sty
(C:\Users\giuly\AppData\Local\Programs\MiKTeX\tex/generic/pgfplots\pgfplots.rev
ision.tex)
Package: pgfplots 2020/02/29 v1.17 Data Visualization (1.17)

(C:\Users\giuly\AppData\Local\Programs\MiKTeX\tex/generic/pgfplots\pgfplots.cod
e.tex
(C:\Users\giuly\AppData\Local\Programs\MiKTeX\tex/generic/pgfplots\pgfplotscore
.code.tex
\t@pgfplots@toka=\toks43
\t@pgfplots@tokb=\toks44
\t@pgfplots@tokc=\toks45
\pgfplots@tmpa=\dimen270
\c@pgfplots@coordindex=\count292
\c@pgfplots@scanlineindex=\count293

(C:\Users\giuly\AppData\Local\Programs\MiKTeX\tex/generic/pgfplots/sys\pgfplots
sysgeneric.code.tex))
(C:\Users\giuly\AppData\Local\Programs\MiKTeX\tex/generic/pgfplots/libs\pgfplot
slibrary.code.tex)
(C:\Users\giuly\AppData\Local\Programs\MiKTeX\tex/generic/pgfplots/oldpgfcompat
ib\pgfplotsoldpgfsupp_loader.code.tex
(C:\Users\giuly\AppData\Local\Programs\MiKTeX\tex/generic/pgf/libraries\pgflibr
aryfpu.code.tex))
(C:\Users\giuly\AppData\Local\Programs\MiKTeX\tex/generic/pgfplots/util\pgfplot
sutil.code.tex
(C:\Users\giuly\AppData\Local\Programs\MiKTeX\tex/generic/pgfplots/liststructur
e\pgfplotsliststructure.code.tex)
(C:\Users\giuly\AppData\Local\Programs\MiKTeX\tex/generic/pgfplots/liststructur
e\pgfplotsliststructureext.code.tex)
(C:\Users\giuly\AppData\Local\Programs\MiKTeX\tex/generic/pgfplots/liststructur
e\pgfplotsarray.code.tex
\c@pgfplotsarray@tmp=\count294
)
(C:\Users\giuly\AppData\Local\Programs\MiKTeX\tex/generic/pgfplots/liststructur
e\pgfplotsmatrix.code.tex)
(C:\Users\giuly\AppData\Local\Programs\MiKTeX\tex/generic/pgfplots/numtable\pgf
plotstableshared.code.tex
\c@pgfplotstable@counta=\count295
\t@pgfplotstable@a=\toks46
)
(C:\Users\giuly\AppData\Local\Programs\MiKTeX\tex/generic/pgfplots/liststructur
e\pgfplotsdeque.code.tex)
(C:\Users\giuly\AppData\Local\Programs\MiKTeX\tex/generic/pgfplots/util\pgfplot
sbinary.code.tex
(C:\Users\giuly\AppData\Local\Programs\MiKTeX\tex/generic/pgfplots/util\pgfplot
sbinary.data.code.tex))
(C:\Users\giuly\AppData\Local\Programs\MiKTeX\tex/generic/pgfplots/util\pgfplot
sutil.verb.code.tex)
(C:\Users\giuly\AppData\Local\Programs\MiKTeX\tex/generic/pgfplots/libs\pgflibr
arypgfplots.surfshading.code.tex
\c@pgfplotslibrarysurf@no=\count296

(C:\Users\giuly\AppData\Local\Programs\MiKTeX\tex/generic/pgfplots/sys\pgflibra
rypgfplots.surfshading.pgfsys-pdftex.def)))
(C:\Users\giuly\AppData\Local\Programs\MiKTeX\tex/generic/pgfplots/util\pgfplot
scolormap.code.tex
(C:\Users\giuly\AppData\Local\Programs\MiKTeX\tex/generic/pgfplots/util\pgfplot
scolor.code.tex))
(C:\Users\giuly\AppData\Local\Programs\MiKTeX\tex/generic/pgfplots\pgfplotsstac
kedplots.code.tex)
(C:\Users\giuly\AppData\Local\Programs\MiKTeX\tex/generic/pgfplots\pgfplotsplot
handlers.code.tex
(C:\Users\giuly\AppData\Local\Programs\MiKTeX\tex/generic/pgfplots\pgfplotsmesh
plothandler.code.tex
(C:\Users\giuly\AppData\Local\Programs\MiKTeX\tex/generic/pgfplots\pgfplotsmesh
plotimage.code.tex)))
(C:\Users\giuly\AppData\Local\Programs\MiKTeX\tex/generic/pgfplots\pgfplots.sca
ling.code.tex)
(C:\Users\giuly\AppData\Local\Programs\MiKTeX\tex/generic/pgfplots\pgfplotscoor
dprocessing.code.tex)
(C:\Users\giuly\AppData\Local\Programs\MiKTeX\tex/generic/pgfplots\pgfplots.err
orbars.code.tex)
(C:\Users\giuly\AppData\Local\Programs\MiKTeX\tex/generic/pgfplots\pgfplots.mar
kers.code.tex)
(C:\Users\giuly\AppData\Local\Programs\MiKTeX\tex/generic/pgfplots\pgfplotstick
s.code.tex)
(C:\Users\giuly\AppData\Local\Programs\MiKTeX\tex/generic/pgfplots\pgfplots.pat
hs.code.tex)
(C:\Users\giuly\AppData\Local\Programs\MiKTeX\tex/generic/pgf/frontendlayer/tik
z/libraries\tikzlibrarydecorations.code.tex
(C:\Users\giuly\AppData\Local\Programs\MiKTeX\tex/generic/pgf/modules\pgfmodule
decorations.code.tex
\pgfdecoratedcompleteddistance=\dimen271
\pgfdecoratedremainingdistance=\dimen272
\pgfdecoratedinputsegmentcompleteddistance=\dimen273
\pgfdecoratedinputsegmentremainingdistance=\dimen274
\pgf@decorate@distancetomove=\dimen275
\pgf@decorate@repeatstate=\count297
\pgfdecorationsegmentamplitude=\dimen276
\pgfdecorationsegmentlength=\dimen277
)
\tikz@lib@dec@box=\box62
)
(C:\Users\giuly\AppData\Local\Programs\MiKTeX\tex/generic/pgf/frontendlayer/tik
z/libraries\tikzlibrarydecorations.pathmorphing.code.tex
(C:\Users\giuly\AppData\Local\Programs\MiKTeX\tex/generic/pgf/libraries/decorat
ions\pgflibrarydecorations.pathmorphing.code.tex))
(C:\Users\giuly\AppData\Local\Programs\MiKTeX\tex/generic/pgf/frontendlayer/tik
z/libraries\tikzlibrarydecorations.pathreplacing.code.tex
(C:\Users\giuly\AppData\Local\Programs\MiKTeX\tex/generic/pgf/libraries/decorat
ions\pgflibrarydecorations.pathreplacing.code.tex))
\pgfplots@numplots=\count298
\pgfplots@xmin@reg=\dimen278
\pgfplots@xmax@reg=\dimen279
\pgfplots@ymin@reg=\dimen280
\pgfplots@ymax@reg=\dimen281
\pgfplots@zmin@reg=\dimen282
\pgfplots@zmax@reg=\dimen283
)
(C:\Users\giuly\AppData\Local\Programs\MiKTeX\tex/generic/pgf/frontendlayer/tik
z/libraries\tikzlibraryplotmarks.code.tex
File: tikzlibraryplotmarks.code.tex 2020/12/27 v3.1.8b (3.1.8b)

(C:\Users\giuly\AppData\Local\Programs\MiKTeX\tex/generic/pgf/libraries\pgflibr
aryplotmarks.code.tex
File: pgflibraryplotmarks.code.tex 2020/12/27 v3.1.8b (3.1.8b)
)))
\c@rich=\count299
\imagew=\skip59
\imageh=\skip60
\legendw=\skip61
\legendh=\skip62
\legendx=\skip63
\legendy=\skip64

(C:\Users\giuly\AppData\Local\Programs\MiKTeX\tex/latex/l3backend\l3backend-pdf
tex.def
File: l3backend-pdftex.def 2021-02-18 L3 backend support: PDF output (pdfTeX)
\l__color_backend_stack_int=\count300
\l__pdf_internal_box=\box63
) (analisi_dati_urti.aux)
\openout1 = `analisi_dati_urti.aux'.

LaTeX Font Info:    Checking defaults for OML/cmm/m/it on input line 74.
LaTeX Font Info:    ... okay on input line 74.
LaTeX Font Info:    Checking defaults for OMS/cmsy/m/n on input line 74.
LaTeX Font Info:    ... okay on input line 74.
LaTeX Font Info:    Checking defaults for OT1/cmr/m/n on input line 74.
LaTeX Font Info:    ... okay on input line 74.
LaTeX Font Info:    Checking defaults for T1/cmr/m/n on input line 74.
LaTeX Font Info:    ... okay on input line 74.
LaTeX Font Info:    Checking defaults for TS1/cmr/m/n on input line 74.
LaTeX Font Info:    ... okay on input line 74.
LaTeX Font Info:    Checking defaults for OMX/cmex/m/n on input line 74.
LaTeX Font Info:    ... okay on input line 74.
LaTeX Font Info:    Checking defaults for U/cmr/m/n on input line 74.
LaTeX Font Info:    ... okay on input line 74.

(C:\Users\giuly\AppData\Local\Programs\MiKTeX\tex/context/base/mkii\supp-pdf.mk
ii
[Loading MPS to PDF converter (version 2006.09.02).]
\scratchcounter=\count301
\scratchdimen=\dimen284
\scratchbox=\box64
\nofMPsegments=\count302
\nofMParguments=\count303
\everyMPshowfont=\toks47
\MPscratchCnt=\count304
\MPscratchDim=\dimen285
\MPnumerator=\count305
\makeMPintoPDFobject=\count306
\everyMPtoPDFconversion=\toks48
)
(C:\Users\giuly\AppData\Local\Programs\MiKTeX\tex/latex/epstopdf-pkg\epstopdf-b
ase.sty
Package: epstopdf-base 2020-01-24 v2.11 Base part for package epstopdf
Package epstopdf-base Info: Redefining graphics rule for `.eps' on input line 4
85.
)
Package caption Info: Begin \AtBeginDocument code.
Package caption Info: End \AtBeginDocument code.


Package pgfplots Warning: running in backwards compatibility mode (unsuitable t
ick labels; missing features). Consider writing \pgfplotsset{compat=1.17} into 
your preamble.
 on input line 74.

LaTeX Font Info:    Trying to load font information for U+rsfs on input line 76
.
(C:\Users\giuly\AppData\Local\Programs\MiKTeX\tex/latex/jknappen\ursfs.fd
File: ursfs.fd 1998/03/24 rsfs font definition file (jk)
)
<capstone_data/vuoto_1.png, id=4, 641.39626pt x 454.69875pt>
File: capstone_data/vuoto_1.png Graphic file (type png)
<use capstone_data/vuoto_1.png>
Package pdftex.def Info: capstone_data/vuoto_1.png  used on input line 94.
(pdftex.def)             Requested size: 288.62564pt x 204.61253pt.
<capstone_data/500_4.png, id=5, 641.39626pt x 454.69875pt>
File: capstone_data/500_4.png Graphic file (type png)
<use capstone_data/500_4.png>
Package pdftex.def Info: capstone_data/500_4.png  used on input line 94.
(pdftex.def)             Requested size: 288.62564pt x 204.61253pt.
<capstone_data/vuoto_1_vel_acc.png, id=6, 674.52pt x 487.8225pt>
File: capstone_data/vuoto_1_vel_acc.png Graphic file (type png)
<use capstone_data/vuoto_1_vel_acc.png>
Package pdftex.def Info: capstone_data/vuoto_1_vel_acc.png  used on input line 
112.
(pdftex.def)             Requested size: 303.53119pt x 219.5181pt.
<capstone_data/500_4_vel_acc.png, id=7, 674.52pt x 487.8225pt>
File: capstone_data/500_4_vel_acc.png Graphic file (type png)
<use capstone_data/500_4_vel_acc.png>
Package pdftex.def Info: capstone_data/500_4_vel_acc.png  used on input line 11
2.
(pdftex.def)             Requested size: 303.53119pt x 219.5181pt.

[1

{C:/Users/giuly/AppData/Local/MiKTeX/pdftex/config/pdftex.map} <./capstone_data
/vuoto_1.png (PNG copy)> <./capstone_data/500_4.png (PNG copy)> <./capstone_dat
a/vuoto_1_vel_acc.png (PNG copy)> <./capstone_data/500_4_vel_acc.png (PNG copy)
>]
<capstone_data/vuoto1.png, id=16, 644.4075pt x 469.755pt>
File: capstone_data/vuoto1.png Graphic file (type png)
<use capstone_data/vuoto1.png>
Package pdftex.def Info: capstone_data/vuoto1.png  used on input line 147.
(pdftex.def)             Requested size: 289.9807pt x 211.3878pt.
<capstone_data/vuoto2.png, id=17, 656.4525pt x 469.755pt>
File: capstone_data/vuoto2.png Graphic file (type png)
<use capstone_data/vuoto2.png>
Package pdftex.def Info: capstone_data/vuoto2.png  used on input line 147.
(pdftex.def)             Requested size: 295.4009pt x 211.3878pt.
<capstone_data/vuoto3.png, id=18, 656.4525pt x 469.755pt>
File: capstone_data/vuoto3.png Graphic file (type png)
<use capstone_data/vuoto3.png>
Package pdftex.def Info: capstone_data/vuoto3.png  used on input line 165.
(pdftex.def)             Requested size: 295.4009pt x 211.3878pt.
<capstone_data/vuoto4.png, id=19, 656.4525pt x 469.755pt>
File: capstone_data/vuoto4.png Graphic file (type png)
<use capstone_data/vuoto4.png>
Package pdftex.def Info: capstone_data/vuoto4.png  used on input line 165.
(pdftex.def)             Requested size: 295.4009pt x 211.3878pt.
<capstone_data/vuoto5.png, id=20, 656.4525pt x 469.755pt>
File: capstone_data/vuoto5.png Graphic file (type png)
<use capstone_data/vuoto5.png>
Package pdftex.def Info: capstone_data/vuoto5.png  used on input line 165.
(pdftex.def)             Requested size: 295.4009pt x 211.3878pt.
 [2 <./capstone_data/vuoto1.png (PNG copy)> <./capstone_data/vuoto2.png (PNG co
py)> <./capstone_data/vuoto3.png (PNG copy)> <./capstone_data/vuoto4.png (PNG c
opy)> <./capstone_data/vuoto5.png (PNG copy)>]
<capstone_data/5001.png, id=31, 656.4525pt x 469.755pt>
File: capstone_data/5001.png Graphic file (type png)
<use capstone_data/5001.png>
Package pdftex.def Info: capstone_data/5001.png  used on input line 225.
(pdftex.def)             Requested size: 295.4009pt x 211.3878pt.
<capstone_data/5002.png, id=32, 656.4525pt x 469.755pt>
File: capstone_data/5002.png Graphic file (type png)
<use capstone_data/5002.png>
Package pdftex.def Info: capstone_data/5002.png  used on input line 225.
(pdftex.def)             Requested size: 295.4009pt x 211.3878pt.
<capstone_data/5003.png, id=33, 656.4525pt x 469.755pt>
File: capstone_data/5003.png Graphic file (type png)
<use capstone_data/5003.png>
Package pdftex.def Info: capstone_data/5003.png  used on input line 243.
(pdftex.def)             Requested size: 295.4009pt x 211.3878pt.
<capstone_data/5004.png, id=34, 656.4525pt x 469.755pt>
File: capstone_data/5004.png Graphic file (type png)
<use capstone_data/5004.png>
Package pdftex.def Info: capstone_data/5004.png  used on input line 243.
(pdftex.def)             Requested size: 295.4009pt x 211.3878pt.
<capstone_data/5005.png, id=35, 656.4525pt x 469.755pt>
File: capstone_data/5005.png Graphic file (type png)
<use capstone_data/5005.png>
Package pdftex.def Info: capstone_data/5005.png  used on input line 243.
(pdftex.def)             Requested size: 295.4009pt x 211.3878pt.
<capstone_data/incl1.png, id=36, 656.4525pt x 469.755pt>
File: capstone_data/incl1.png Graphic file (type png)
<use capstone_data/incl1.png>
Package pdftex.def Info: capstone_data/incl1.png  used on input line 284.
(pdftex.def)             Requested size: 295.4009pt x 211.3878pt.
<capstone_data/incl2.png, id=37, 656.4525pt x 469.755pt>
File: capstone_data/incl2.png Graphic file (type png)
<use capstone_data/incl2.png>
Package pdftex.def Info: capstone_data/incl2.png  used on input line 284.
(pdftex.def)             Requested size: 295.4009pt x 211.3878pt.
 [3 <./capstone_data/5001.png (PNG copy)> <./capstone_data/5002.png (PNG copy)>
 <./capstone_data/5003.png (PNG copy)> <./capstone_data/5004.png (PNG copy)> <.
/capstone_data/5005.png (PNG copy)>]
<capstone_data/incl3.png, id=41, 656.4525pt x 469.755pt>
File: capstone_data/incl3.png Graphic file (type png)
<use capstone_data/incl3.png>
Package pdftex.def Info: capstone_data/incl3.png  used on input line 303.
(pdftex.def)             Requested size: 295.4009pt x 211.3878pt.
<capstone_data/incl4.png, id=42, 656.4525pt x 469.755pt>
File: capstone_data/incl4.png Graphic file (type png)
<use capstone_data/incl4.png>
Package pdftex.def Info: capstone_data/incl4.png  used on input line 303.
(pdftex.def)             Requested size: 295.4009pt x 211.3878pt.
<capstone_data/incl5.png, id=43, 656.4525pt x 469.755pt>
File: capstone_data/incl5.png Graphic file (type png)
<use capstone_data/incl5.png>
Package pdftex.def Info: capstone_data/incl5.png  used on input line 303.
(pdftex.def)             Requested size: 295.4009pt x 211.3878pt.

Underfull \hbox (badness 10000) in paragraph at lines 326--327

 []


Underfull \hbox (badness 10000) in paragraph at lines 328--329

 []


Underfull \hbox (badness 10000) in paragraph at lines 328--329

 []

[4 <./capstone_data/incl1.png (PNG copy)> <./capstone_data/incl2.png (PNG copy)
> <./capstone_data/incl3.png (PNG copy)> <./capstone_data/incl4.png (PNG copy)>
 <./capstone_data/incl5.png (PNG copy)>]
<capstone_data/molla_1_pos.png, id=48, 376.40625pt x 271.0125pt>
File: capstone_data/molla_1_pos.png Graphic file (type png)
<use capstone_data/molla_1_pos.png>
Package pdftex.def Info: capstone_data/molla_1_pos.png  used on input line 357.

(pdftex.def)             Requested size: 451.68523pt x 325.21335pt.
<capstone_data/molla_1_vel.png, id=49, 376.40625pt x 271.0125pt>
File: capstone_data/molla_1_vel.png Graphic file (type png)
<use capstone_data/molla_1_vel.png>
Package pdftex.def Info: capstone_data/molla_1_vel.png  used on input line 357.

(pdftex.def)             Requested size: 451.68523pt x 325.21335pt.
<capstone_data/molla_1_acc.png, id=50, 376.40625pt x 271.0125pt>
File: capstone_data/molla_1_acc.png Graphic file (type png)
<use capstone_data/molla_1_acc.png>
Package pdftex.def Info: capstone_data/molla_1_acc.png  used on input line 357.

(pdftex.def)             Requested size: 451.68523pt x 325.21335pt.
<capstone_data/magn_1_pos.png, id=51, 367.3725pt x 240.9pt>
File: capstone_data/magn_1_pos.png Graphic file (type png)
<use capstone_data/magn_1_pos.png>
Package pdftex.def Info: capstone_data/magn_1_pos.png  used on input line 383.
(pdftex.def)             Requested size: 440.84477pt x 289.07854pt.
<capstone_data/magn_1_vel.png, id=52, 367.3725pt x 240.9pt>
File: capstone_data/magn_1_vel.png Graphic file (type png)
<use capstone_data/magn_1_vel.png>
Package pdftex.def Info: capstone_data/magn_1_vel.png  used on input line 383.
(pdftex.def)             Requested size: 440.84477pt x 289.07854pt.
<capstone_data/magn_1_acc.png, id=53, 367.3725pt x 240.9pt>
File: capstone_data/magn_1_acc.png Graphic file (type png)
<use capstone_data/magn_1_acc.png>
Package pdftex.def Info: capstone_data/magn_1_acc.png  used on input line 383.
(pdftex.def)             Requested size: 440.84477pt x 289.07854pt.

Underfull \hbox (badness 10000) in paragraph at lines 385--386

 []


Underfull \hbox (badness 10000) in paragraph at lines 385--386

 []


Underfull \hbox (badness 10000) in paragraph at lines 385--386

 []


Underfull \hbox (badness 10000) in paragraph at lines 385--386

 []


Underfull \hbox (badness 10000) in paragraph at lines 385--386

 []


Underfull \hbox (badness 10000) in paragraph at lines 385--386

 []


Underfull \hbox (badness 10000) in paragraph at lines 385--386

 []


Underfull \hbox (badness 10000) in paragraph at lines 385--386

 []


Underfull \hbox (badness 10000) in paragraph at lines 385--386

 []


Underfull \hbox (badness 10000) in paragraph at lines 385--386

 []


Underfull \hbox (badness 10000) in paragraph at lines 385--386

 []


Underfull \hbox (badness 10000) in paragraph at lines 385--386

 []


Underfull \hbox (badness 10000) in paragraph at lines 385--386

 []

<capstone_data/molla_1.png, id=54, 656.4525pt x 469.755pt>
File: capstone_data/molla_1.png Graphic file (type png)
<use capstone_data/molla_1.png>
Package pdftex.def Info: capstone_data/molla_1.png  used on input line 406.
(pdftex.def)             Requested size: 656.4509pt x 469.75386pt.
<capstone_data/molla_2.png, id=55, 656.4525pt x 469.755pt>
File: capstone_data/molla_2.png Graphic file (type png)
<use capstone_data/molla_2.png>
Package pdftex.def Info: capstone_data/molla_2.png  used on input line 406.
(pdftex.def)             Requested size: 656.4509pt x 469.75386pt.
[5 <./capstone_data/molla_1_pos.png (PNG copy)> <./capstone_data/molla_1_vel.pn
g (PNG copy)> <./capstone_data/molla_1_acc.png (PNG copy)> <./capstone_data/mag
n_1_pos.png (PNG copy)> <./capstone_data/magn_1_vel.png (PNG copy)> <./capstone
_data/magn_1_acc.png (PNG copy)>]
<capstone_data/molla_3.png, id=59, 674.52pt x 487.8225pt>
File: capstone_data/molla_3.png Graphic file (type png)
<use capstone_data/molla_3.png>
Package pdftex.def Info: capstone_data/molla_3.png  used on input line 426.
(pdftex.def)             Requested size: 674.51836pt x 487.8213pt.
<capstone_data/molla_4.png, id=60, 674.52pt x 487.8225pt>
File: capstone_data/molla_4.png Graphic file (type png)
<use capstone_data/molla_4.png>
Package pdftex.def Info: capstone_data/molla_4.png  used on input line 426.
(pdftex.def)             Requested size: 674.51836pt x 487.8213pt.
<capstone_data/molla_5.png, id=61, 674.52pt x 487.8225pt>
File: capstone_data/molla_5.png Graphic file (type png)
<use capstone_data/molla_5.png>
Package pdftex.def Info: capstone_data/molla_5.png  used on input line 440.
(pdftex.def)             Requested size: 674.51836pt x 487.8213pt.

Underfull \hbox (badness 10000) in paragraph at lines 428--442

 []


Underfull \hbox (badness 10000) in paragraph at lines 428--442

 []


Underfull \hbox (badness 10000) in paragraph at lines 428--442

 []


Underfull \hbox (badness 10000) in paragraph at lines 428--442

 []

[6 <./capstone_data/molla_1.png (PNG copy)> <./capstone_data/molla_2.png (PNG c
opy)> <./capstone_data/molla_3.png (PNG copy)> <./capstone_data/molla_4.png (PN
G copy)>] [7 <./capstone_data/molla_5.png (PNG copy)>]
<capstone_data/magn_1.png, id=70, 656.4525pt x 469.755pt>
File: capstone_data/magn_1.png Graphic file (type png)
<use capstone_data/magn_1.png>
Package pdftex.def Info: capstone_data/magn_1.png  used on input line 484.
(pdftex.def)             Requested size: 656.4509pt x 469.75386pt.
<capstone_data/magn_2.png, id=71, 656.4525pt x 469.755pt>
File: capstone_data/magn_2.png Graphic file (type png)
<use capstone_data/magn_2.png>
Package pdftex.def Info: capstone_data/magn_2.png  used on input line 484.
(pdftex.def)             Requested size: 656.4509pt x 469.75386pt.

Underfull \hbox (badness 10000) in paragraph at lines 465--486

 []

<capstone_data/magn_3.png, id=72, 674.52pt x 487.8225pt>
File: capstone_data/magn_3.png Graphic file (type png)
<use capstone_data/magn_3.png>
Package pdftex.def Info: capstone_data/magn_3.png  used on input line 504.
(pdftex.def)             Requested size: 674.51836pt x 487.8213pt.
<capstone_data/magn_4.png, id=73, 674.52pt x 487.8225pt>
File: capstone_data/magn_4.png Graphic file (type png)
<use capstone_data/magn_4.png>
Package pdftex.def Info: capstone_data/magn_4.png  used on input line 504.
(pdftex.def)             Requested size: 674.51836pt x 487.8213pt.
<capstone_data/magn_5.png, id=74, 674.52pt x 487.8225pt>
File: capstone_data/magn_5.png Graphic file (type png)
<use capstone_data/magn_5.png>
Package pdftex.def Info: capstone_data/magn_5.png  used on input line 518.
(pdftex.def)             Requested size: 674.51836pt x 487.8213pt.
[8 <./capstone_data/magn_1.png (PNG copy)> <./capstone_data/magn_2.png (PNG cop
y)> <./capstone_data/magn_3.png (PNG copy)> <./capstone_data/magn_4.png (PNG co
py)>] [9 <./capstone_data/magn_5.png (PNG copy)>]
Underfull \hbox (badness 10000) in paragraph at lines 543--545

 []


Underfull \hbox (badness 10000) in paragraph at lines 543--545

 []

<capstone_data/v_quadro_molla.png, id=82, 656.4525pt x 310.15875pt>
File: capstone_data/v_quadro_molla.png Graphic file (type png)
<use capstone_data/v_quadro_molla.png>
Package pdftex.def Info: capstone_data/v_quadro_molla.png  used on input line 5
64.
(pdftex.def)             Requested size: 590.80179pt x 279.14029pt.
<capstone_data/v_quadro_magn.png, id=83, 656.4525pt x 310.15875pt>
File: capstone_data/v_quadro_magn.png Graphic file (type png)
<use capstone_data/v_quadro_magn.png>
Package pdftex.def Info: capstone_data/v_quadro_magn.png  used on input line 56
4.
(pdftex.def)             Requested size: 590.80179pt x 279.14029pt.
<capstone_data/Ec_molla_1.png, id=84, 656.4525pt x 469.755pt>
File: capstone_data/Ec_molla_1.png Graphic file (type png)
<use capstone_data/Ec_molla_1.png>
Package pdftex.def Info: capstone_data/Ec_molla_1.png  used on input line 586.
(pdftex.def)             Requested size: 656.4509pt x 469.75386pt.
<capstone_data/Ec_molla_2.png, id=85, 656.4525pt x 469.755pt>
File: capstone_data/Ec_molla_2.png Graphic file (type png)
<use capstone_data/Ec_molla_2.png>
Package pdftex.def Info: capstone_data/Ec_molla_2.png  used on input line 586.
(pdftex.def)             Requested size: 656.4509pt x 469.75386pt.
<capstone_data/Ec_molla_3.png, id=86, 656.4525pt x 469.755pt>
File: capstone_data/Ec_molla_3.png Graphic file (type png)
<use capstone_data/Ec_molla_3.png>
Package pdftex.def Info: capstone_data/Ec_molla_3.png  used on input line 611.
(pdftex.def)             Requested size: 754.91452pt x 540.21407pt.
<capstone_data/Ec_molla_4.png, id=87, 656.4525pt x 469.755pt>
File: capstone_data/Ec_molla_4.png Graphic file (type png)
<use capstone_data/Ec_molla_4.png>
Package pdftex.def Info: capstone_data/Ec_molla_4.png  used on input line 611.
(pdftex.def)             Requested size: 754.91452pt x 540.21407pt.
<capstone_data/Ec_molla_5.png, id=88, 656.4525pt x 469.755pt>
File: capstone_data/Ec_molla_5.png Graphic file (type png)
<use capstone_data/Ec_molla_5.png>
Package pdftex.def Info: capstone_data/Ec_molla_5.png  used on input line 611.
(pdftex.def)             Requested size: 754.91452pt x 540.21407pt.

Underfull \hbox (badness 10000) in paragraph at lines 634--635

 []

[10 <./capstone_data/v_quadro_molla.png (PNG copy)> <./capstone_data/v_quadro_m
agn.png (PNG copy)> <./capstone_data/Ec_molla_1.png (PNG copy)> <./capstone_dat
a/Ec_molla_2.png (PNG copy)>]
Underfull \hbox (badness 10000) in paragraph at lines 635--637

 []


Underfull \hbox (badness 10000) in paragraph at lines 635--637

 []

<capstone_data/Ec_magn_1.png, id=92, 656.4525pt x 469.755pt>
File: capstone_data/Ec_magn_1.png Graphic file (type png)
<use capstone_data/Ec_magn_1.png>
Package pdftex.def Info: capstone_data/Ec_magn_1.png  used on input line 655.
(pdftex.def)             Requested size: 656.4509pt x 469.75386pt.
<capstone_data/Ec_magn_2.png, id=93, 656.4525pt x 469.755pt>
File: capstone_data/Ec_magn_2.png Graphic file (type png)
<use capstone_data/Ec_magn_2.png>
Package pdftex.def Info: capstone_data/Ec_magn_2.png  used on input line 655.
(pdftex.def)             Requested size: 656.4509pt x 469.75386pt.
<capstone_data/Ec_magn_3.png, id=94, 656.4525pt x 469.755pt>
File: capstone_data/Ec_magn_3.png Graphic file (type png)
<use capstone_data/Ec_magn_3.png>
Package pdftex.def Info: capstone_data/Ec_magn_3.png  used on input line 680.
(pdftex.def)             Requested size: 754.91452pt x 540.21407pt.
<capstone_data/Ec_magn_4.png, id=95, 656.4525pt x 469.755pt>
File: capstone_data/Ec_magn_4.png Graphic file (type png)
<use capstone_data/Ec_magn_4.png>
Package pdftex.def Info: capstone_data/Ec_magn_4.png  used on input line 680.
(pdftex.def)             Requested size: 754.91452pt x 540.21407pt.
<capstone_data/Ec_magn_5.png, id=96, 656.4525pt x 469.755pt>
File: capstone_data/Ec_magn_5.png Graphic file (type png)
<use capstone_data/Ec_magn_5.png>
Package pdftex.def Info: capstone_data/Ec_magn_5.png  used on input line 680.
(pdftex.def)             Requested size: 754.91452pt x 540.21407pt.

Underfull \hbox (badness 10000) in paragraph at lines 703--704

 []


Underfull \hbox (badness 10000) in paragraph at lines 703--704

 []


Underfull \hbox (badness 10000) in paragraph at lines 703--704

 []


Underfull \hbox (badness 10000) in paragraph at lines 703--704

 []


Underfull \hbox (badness 10000) in paragraph at lines 703--704

 []


Underfull \hbox (badness 10000) in paragraph at lines 703--704

 []


Underfull \hbox (badness 10000) in paragraph at lines 703--704

 []


Underfull \hbox (badness 10000) in paragraph at lines 703--704

 []


Underfull \hbox (badness 10000) in paragraph at lines 703--704

 []


Underfull \hbox (badness 10000) in paragraph at lines 703--704

 []


Underfull \hbox (badness 10000) in paragraph at lines 703--704

 []


Underfull \hbox (badness 10000) in paragraph at lines 703--704

 []


Underfull \hbox (badness 10000) in paragraph at lines 703--704

 []


Underfull \hbox (badness 10000) in paragraph at lines 703--704

 []


Underfull \hbox (badness 10000) in paragraph at lines 703--704

 []


Underfull \hbox (badness 10000) in paragraph at lines 703--704

 []


Underfull \hbox (badness 10000) in paragraph at lines 703--704

 []


Underfull \hbox (badness 10000) in paragraph at lines 703--704

 []

[11 <./capstone_data/Ec_molla_3.png (PNG copy)> <./capstone_data/Ec_molla_4.png
 (PNG copy)> <./capstone_data/Ec_molla_5.png (PNG copy)>] [12 <./capstone_data/
Ec_magn_1.png (PNG copy)> <./capstone_data/Ec_magn_2.png (PNG copy)> <./capston
e_data/Ec_magn_3.png (PNG copy)> <./capstone_data/Ec_magn_4.png (PNG copy)> <./
capstone_data/Ec_magn_5.png (PNG copy)>]
Underfull \hbox (badness 10000) in paragraph at lines 704--706

 []


Underfull \hbox (badness 10000) in paragraph at lines 704--706

 []

<capstone_data/elastico_vel.png, id=103, 656.4525pt x 469.755pt>
File: capstone_data/elastico_vel.png Graphic file (type png)
<use capstone_data/elastico_vel.png>
Package pdftex.def Info: capstone_data/elastico_vel.png  used on input line 716
.
(pdftex.def)             Requested size: 656.4509pt x 469.75386pt.

Overfull \hbox (18.41933pt too wide) in paragraph at lines 743--756
 [][] 
 []


Overfull \hbox (2.22221pt too wide) in paragraph at lines 719--757
$[]$ $[]$ 
 []


Underfull \hbox (badness 10000) in paragraph at lines 760--762

 []


Underfull \hbox (badness 10000) in paragraph at lines 760--762

 []

<capstone_data/elastico_500_blu_vel.png, id=104, 656.4525pt x 469.755pt>
File: capstone_data/elastico_500_blu_vel.png Graphic file (type png)
<use capstone_data/elastico_500_blu_vel.png>
Package pdftex.def Info: capstone_data/elastico_500_blu_vel.png  used on input 
line 770.
(pdftex.def)             Requested size: 656.4509pt x 469.75386pt.
[13 <./capstone_data/elastico_vel.png (PNG copy)>]
Overfull \hbox (18.41933pt too wide) in paragraph at lines 797--810
 [][] 
 []


Overfull \hbox (17.22221pt too wide) in paragraph at lines 774--811
[]$[]$ $[]$ 
 []

<capstone_data/elastico_500_rosso_vel.png, id=109, 656.4525pt x 469.755pt>
File: capstone_data/elastico_500_rosso_vel.png Graphic file (type png)
<use capstone_data/elastico_500_rosso_vel.png>
Package pdftex.def Info: capstone_data/elastico_500_rosso_vel.png  used on inpu
t line 823.
(pdftex.def)             Requested size: 656.4509pt x 469.75386pt.

Underfull \hbox (badness 10000) in paragraph at lines 814--826

 []


Underfull \hbox (badness 10000) in paragraph at lines 814--826

 []


Underfull \hbox (badness 10000) in paragraph at lines 814--826

 []


Underfull \hbox (badness 10000) in paragraph at lines 814--826

 []


Underfull \hbox (badness 10000) in paragraph at lines 814--826

 []


Underfull \hbox (badness 10000) in paragraph at lines 814--826

 []


Underfull \hbox (badness 10000) in paragraph at lines 814--826

 []


Underfull \hbox (badness 10000) in paragraph at lines 814--826

 []


Overfull \hbox (18.41933pt too wide) in paragraph at lines 850--863
 [][] 
 []


Overfull \hbox (17.22221pt too wide) in paragraph at lines 827--864
[]$[]$ $[]$ 
 []

[14 <./capstone_data/elastico_500_blu_vel.png (PNG copy)>]
Underfull \hbox (badness 10000) in paragraph at lines 867--869

 []


Underfull \hbox (badness 10000) in paragraph at lines 867--869

 []


Underfull \hbox (badness 10000) in paragraph at lines 867--869

 []


Underfull \hbox (badness 10000) in paragraph at lines 867--869

 []


Underfull \hbox (badness 10000) in paragraph at lines 867--869

 []


Underfull \hbox (badness 10000) in paragraph at lines 867--869

 []


Underfull \hbox (badness 10000) in paragraph at lines 867--869

 []


Underfull \hbox (badness 10000) in paragraph at lines 867--869

 []


Underfull \hbox (badness 10000) in paragraph at lines 867--869

 []


Underfull \hbox (badness 10000) in paragraph at lines 867--869

 []


Underfull \hbox (badness 10000) in paragraph at lines 867--869

 []


Underfull \hbox (badness 10000) in paragraph at lines 867--869

 []

<capstone_data/anaelastico_momento.png, id=113, 656.4525pt x 469.755pt>
File: capstone_data/anaelastico_momento.png Graphic file (type png)
<use capstone_data/anaelastico_momento.png>
Package pdftex.def Info: capstone_data/anaelastico_momento.png  used on input l
ine 886.
(pdftex.def)             Requested size: 295.4009pt x 211.3878pt.
<capstone_data/anaelastico_Ec.png, id=114, 656.4525pt x 469.755pt>
File: capstone_data/anaelastico_Ec.png Graphic file (type png)
<use capstone_data/anaelastico_Ec.png>
Package pdftex.def Info: capstone_data/anaelastico_Ec.png  used on input line 8
86.
(pdftex.def)             Requested size: 295.4009pt x 211.3878pt.
[15 <./capstone_data/elastico_500_rosso_vel.png (PNG copy)>] [16 <./capstone_da
ta/anaelastico_momento.png (PNG copy)> <./capstone_data/anaelastico_Ec.png (PNG
 copy)>]
<capstone_data/anaelastico_500_blu_momento.png, id=121, 656.4525pt x 469.755pt>

File: capstone_data/anaelastico_500_blu_momento.png Graphic file (type png)
<use capstone_data/anaelastico_500_blu_momento.png>
Package pdftex.def Info: capstone_data/anaelastico_500_blu_momento.png  used on
 input line 948.
(pdftex.def)             Requested size: 295.4009pt x 211.3878pt.
<capstone_data/anaelastico_500_blu_Ec.png, id=122, 656.4525pt x 469.755pt>
File: capstone_data/anaelastico_500_blu_Ec.png Graphic file (type png)
<use capstone_data/anaelastico_500_blu_Ec.png>
Package pdftex.def Info: capstone_data/anaelastico_500_blu_Ec.png  used on inpu
t line 948.
(pdftex.def)             Requested size: 295.4009pt x 211.3878pt.
 [17 <./capstone_data/anaelastico_500_blu_momento.png (PNG copy)> <./capstone_d
ata/anaelastico_500_blu_Ec.png (PNG copy)>]
<capstone_data/anaelastico_500_rosso_momento.png, id=126, 656.4525pt x 469.755p
t>
File: capstone_data/anaelastico_500_rosso_momento.png Graphic file (type png)
<use capstone_data/anaelastico_500_rosso_momento.png>
Package pdftex.def Info: capstone_data/anaelastico_500_rosso_momento.png  used 
on input line 1012.
(pdftex.def)             Requested size: 295.4009pt x 211.3878pt.
<capstone_data/anaelastico_500_rosso_Ec.png, id=127, 656.4525pt x 469.755pt>
File: capstone_data/anaelastico_500_rosso_Ec.png Graphic file (type png)
<use capstone_data/anaelastico_500_rosso_Ec.png>
Package pdftex.def Info: capstone_data/anaelastico_500_rosso_Ec.png  used on in
put line 1012.
(pdftex.def)             Requested size: 295.4009pt x 211.3878pt.
<capstone_data/1libro.png, id=128, 391.4625pt x 225.84375pt>
File: capstone_data/1libro.png Graphic file (type png)
<use capstone_data/1libro.png>
Package pdftex.def Info: capstone_data/1libro.png  used on input line 1069.
(pdftex.def)             Requested size: 391.46153pt x 225.84319pt.
 [18 <./capstone_data/anaelastico_500_rosso_momento.png (PNG copy)> <./capstone
_data/anaelastico_500_rosso_Ec.png (PNG copy)>]
Underfull \hbox (badness 10000) in paragraph at lines 1072--1073

 []


Underfull \hbox (badness 10000) in paragraph at lines 1073--1101

 []


Underfull \hbox (badness 10000) in paragraph at lines 1073--1101

 []


Underfull \hbox (badness 10000) in paragraph at lines 1073--1101

 []


Underfull \hbox (badness 10000) in paragraph at lines 1073--1101

 []


Underfull \hbox (badness 10000) in paragraph at lines 1073--1101

 []


Underfull \hbox (badness 10000) in paragraph at lines 1073--1101

 []


Underfull \hbox (badness 10000) in paragraph at lines 1073--1101

 []


Underfull \hbox (badness 10000) in paragraph at lines 1073--1101

 []


Underfull \hbox (badness 10000) in paragraph at lines 1073--1101

 []


Underfull \hbox (badness 10000) in paragraph at lines 1073--1101

 []


Underfull \hbox (badness 10000) in paragraph at lines 1073--1101

 []


Underfull \hbox (badness 10000) in paragraph at lines 1073--1101

 []

[19 <./capstone_data/1libro.png (PNG copy)>]
<capstone_data/2libri.png, id=136, 505.89pt x 222.8325pt>
File: capstone_data/2libri.png Graphic file (type png)
<use capstone_data/2libri.png>
Package pdftex.def Info: capstone_data/2libri.png  used on input line 1109.
(pdftex.def)             Requested size: 505.88875pt x 222.83195pt.
<capstone_data/attrito1.png, id=137, 656.4525pt x 469.755pt>
File: capstone_data/attrito1.png Graphic file (type png)
<use capstone_data/attrito1.png>
Package pdftex.def Info: capstone_data/attrito1.png  used on input line 1150.
(pdftex.def)             Requested size: 295.4009pt x 211.3878pt.
<capstone_data/attrito2.png, id=138, 656.4525pt x 469.755pt>
File: capstone_data/attrito2.png Graphic file (type png)
<use capstone_data/attrito2.png>
Package pdftex.def Info: capstone_data/attrito2.png  used on input line 1150.
(pdftex.def)             Requested size: 295.4009pt x 211.3878pt.
 [20 <./capstone_data/2libri.png (PNG copy)>] [21 <./capstone_data/attrito1.png
 (PNG copy)> <./capstone_data/attrito2.png (PNG copy)>] (analisi_dati_urti.aux)
 ) 
Here is how much of TeX's memory you used:
 24258 strings out of 479334
 627374 string characters out of 2857085
 1051365 words of memory out of 3000000
 41288 multiletter control sequences out of 15000+200000
 410798 words of font info for 56 fonts, out of 3000000 for 9000
 1141 hyphenation exceptions out of 8191
 87i,12n,89p,716b,609s stack positions out of 5000i,500n,10000p,200000b,50000s
<C:/Users/giuly/AppData/Local/Programs/MiKTeX/fonts/type1/public/amsfonts/cm/
cmbx10.pfb><C:/Users/giuly/AppData/Local/Programs/MiKTeX/fonts/type1/public/ams
fonts/cm/cmbx12.pfb><C:/Users/giuly/AppData/Local/Programs/MiKTeX/fonts/type1/p
ublic/amsfonts/cm/cmex10.pfb><C:/Users/giuly/AppData/Local/Programs/MiKTeX/font
s/type1/public/amsfonts/cmextra/cmex7.pfb><C:/Users/giuly/AppData/Local/Program
s/MiKTeX/fonts/type1/public/amsfonts/cm/cmmi10.pfb><C:/Users/giuly/AppData/Loca
l/Programs/MiKTeX/fonts/type1/public/amsfonts/cm/cmmi5.pfb><C:/Users/giuly/AppD
ata/Local/Programs/MiKTeX/fonts/type1/public/amsfonts/cm/cmmi7.pfb><C:/Users/gi
uly/AppData/Local/Programs/MiKTeX/fonts/type1/public/amsfonts/cm/cmmi9.pfb><C:/
Users/giuly/AppData/Local/Programs/MiKTeX/fonts/type1/public/amsfonts/cm/cmr10.
pfb><C:/Users/giuly/AppData/Local/Programs/MiKTeX/fonts/type1/public/amsfonts/c
m/cmr12.pfb><C:/Users/giuly/AppData/Local/Programs/MiKTeX/fonts/type1/public/am
sfonts/cm/cmr17.pfb><C:/Users/giuly/AppData/Local/Programs/MiKTeX/fonts/type1/p
ublic/amsfonts/cm/cmr7.pfb><C:/Users/giuly/AppData/Local/Programs/MiKTeX/fonts/
type1/public/amsfonts/cm/cmr9.pfb><C:/Users/giuly/AppData/Local/Programs/MiKTeX
/fonts/type1/public/amsfonts/cm/cmsy10.pfb><C:/Users/giuly/AppData/Local/Progra
ms/MiKTeX/fonts/type1/public/amsfonts/cm/cmsy7.pfb><C:/Users/giuly/AppData/Loca
l/Programs/MiKTeX/fonts/type1/public/amsfonts/cm/cmsy9.pfb>
Output written on analisi_dati_urti.pdf (21 pages, 4013629 bytes).
PDF statistics:
 197 PDF objects out of 1000 (max. 8388607)
 0 named destinations out of 1000 (max. 500000)
 313 words of extra memory for PDF output out of 10000 (max. 10000000)

